<?xml version="1.0" encoding="UTF-8"?>
<!-- Generated by org.testng.reporters.JUnitReportReporter -->
<testsuite hostname="ThinkSyss-Mac-mini.local" name="IOSWeb.IOSWeb.TestIOSSafariBrowser" tests="1" failures="0" timestamp="3 Jul 2017 12:49:36 GMT" time="129.956" errors="0">
  <testcase name="startBrowser" time="129.956" classname="IOSWeb.IOSWeb.TestIOSSafariBrowser"/>
</testsuite> <!-- IOSWeb.IOSWeb.TestIOSSafariBrowser -->
