<?xml version="1.0" encoding="UTF-8"?>
<!-- Generated by org.testng.reporters.JUnitReportReporter -->
<testsuite hostname="ThinkSyss-Mac-mini.local" name="IOSWeb.IOSWeb.AppTest" tests="1" failures="0" timestamp="3 Jul 2017 12:49:41 GMT" time="0.009" errors="0">
  <testcase name="testApp" time="0.009" classname="IOSWeb.IOSWeb.AppTest"/>
</testsuite> <!-- IOSWeb.IOSWeb.AppTest -->
