<?xml version="1.0" encoding="UTF-8"?>
<!-- Generated by org.testng.reporters.JUnitReportReporter -->
<testsuite hostname="ThinkSyss-Mac-mini.local" name="Testcases.verifyProfile" tests="1" failures="0" timestamp="28 Jul 2017 07:20:12 GMT" time="11.115" errors="0">
  <testcase name="verifySecondLeaveDetails" time="11.115" classname="Testcases.verifyProfile"/>
</testsuite> <!-- Testcases.verifyProfile -->
