<?xml version="1.0" encoding="UTF-8"?>
<!-- Generated by org.testng.reporters.JUnitReportReporter -->
<testsuite hostname="ThinkSyss-Mac-mini.local" name="Testcases.AfterLoginPractice" tests="1" failures="0" timestamp="26 Jul 2017 09:25:21 GMT" time="18.765" errors="0">
  <testcase name="afterLoginPracticeLocators" time="18.765" classname="Testcases.AfterLoginPractice"/>
</testsuite> <!-- Testcases.AfterLoginPractice -->
