<?xml version="1.0" encoding="UTF-8"?>
<!-- Generated by org.testng.reporters.JUnitReportReporter -->
<testsuite hostname="ThinkSyss-Mac-mini.local" name="IOSWeb.IOSWeb.AppTest" tests="1" failures="0" timestamp="15 Jun 2017 05:50:23 GMT" time="0.001" errors="0">
  <testcase name="testApp" time="0.001" classname="IOSWeb.IOSWeb.AppTest"/>
</testsuite> <!-- IOSWeb.IOSWeb.AppTest -->
